#
# There is insufficient memory for the Java Runtime Environment to continue.
# Native memory allocation (malloc) failed to allocate 875936 bytes for Chunk::new
# Possible reasons:
#   The system is out of physical RAM or swap space
#   The process is running with CompressedOops enabled, and the Java Heap may be blocking the growth of the native heap
# Possible solutions:
#   Reduce memory load on the system
#   Increase physical memory or swap space
#   Check if swap backing store is full
#   Decrease Java heap size (-Xmx/-Xms)
#   Decrease number of Java threads
#   Decrease Java thread stack sizes (-Xss)
#   Set larger code cache with -XX:ReservedCodeCacheSize=
#   JVM is running with Unscaled Compressed Oops mode in which the Java heap is
#     placed in the first 4GB address space. The Java Heap base address is the
#     maximum limit for the native heap growth. Please use -XX:HeapBaseMinAddress
#     to set the Java Heap base and to place the Java Heap above 4GB virtual address.
# This output file may be truncated or incomplete.
#
#  Out of Memory Error (arena.cpp:191), pid=9580, tid=13752
#
# JRE version: OpenJDK Runtime Environment OpenLogic-OpenJDK (17.0.9+9) (build 17.0.9+9-adhoc..jdk17u)
# Java VM: OpenJDK 64-Bit Server VM OpenLogic-OpenJDK (17.0.9+9-adhoc..jdk17u, mixed mode, sharing, tiered, compressed oops, compressed class ptrs, g1 gc, windows-amd64)
# No core dump will be written. Minidumps are not enabled by default on client versions of Windows
#

---------------  S U M M A R Y ------------

Command Line: -XX:MaxMetaspaceSize=512m --add-opens=java.base/java.util=ALL-UNNAMED --add-opens=java.base/java.lang=ALL-UNNAMED --add-opens=java.base/java.lang.invoke=ALL-UNNAMED --add-opens=java.prefs/java.util.prefs=ALL-UNNAMED --add-opens=java.base/java.nio.charset=ALL-UNNAMED --add-opens=java.base/java.net=ALL-UNNAMED --add-opens=java.base/java.util.concurrent.atomic=ALL-UNNAMED -Xmx2048m -Dfile.encoding=windows-1252 -Duser.country=US -Duser.language=en -Duser.variant -javaagent:C:\Users\Veetrag\.gradle\wrapper\dists\gradle-8.3-all\6en3ugtfdg5xnpx44z4qbwgas\gradle-8.3\lib\agents\gradle-instrumentation-agent-8.3.jar org.gradle.launcher.daemon.bootstrap.GradleDaemon 8.3

Host: Intel(R) Core(TM) i5-5200U CPU @ 2.20GHz, 4 cores, 7G,  Windows 10 , 64 bit Build 19041 (10.0.19041.3636)
Time: Sun Jul 28 18:43:17 2024 India Standard Time elapsed time: 26.569498 seconds (0d 0h 0m 26s)

---------------  T H R E A D  ---------------

Current thread (0x000002d472f89d80):  JavaThread "C2 CompilerThread1" daemon [_thread_in_native, id=13752, stack(0x000000f79f100000,0x000000f79f200000)]


Current CompileTask:
C2:  26569 8464   !   4       java.net.URLClassLoader$1::run (81 bytes)

Stack: [0x000000f79f100000,0x000000f79f200000]
Native frames: (J=compiled Java code, j=interpreted, Vv=VM code, C=native code)
V  [jvm.dll+0x67cf49]
V  [jvm.dll+0x83478a]
V  [jvm.dll+0x83624e]
V  [jvm.dll+0x8368b3]
V  [jvm.dll+0x247f1f]
V  [jvm.dll+0xac43c]
V  [jvm.dll+0xaca8c]
V  [jvm.dll+0x2af45f]
V  [jvm.dll+0x5853f7]
V  [jvm.dll+0x222f62]
V  [jvm.dll+0x22334f]
V  [jvm.dll+0x21c476]
V  [jvm.dll+0x2198c1]
V  [jvm.dll+0x1a57cd]
V  [jvm.dll+0x2297ae]
V  [jvm.dll+0x22797c]
V  [jvm.dll+0x7e9877]
V  [jvm.dll+0x7e3c3a]
V  [jvm.dll+0x67be35]
C  [ucrtbase.dll+0x21bb2]
C  [KERNEL32.DLL+0x17344]
C  [ntdll.dll+0x4cc91]


---------------  P R O C E S S  ---------------

Threads class SMR info:
_java_thread_list=0x000002d476041960, length=64, elements={
0x000002d44e8e5950, 0x000002d46d812050, 0x000002d46d812ed0, 0x000002d46d82d3c0,
0x000002d46d82e040, 0x000002d46d831a20, 0x000002d46d833120, 0x000002d46d8342d0,
0x000002d46d849f90, 0x000002d46d85ad60, 0x000002d46da45400, 0x000002d46dbff010,
0x000002d47419c610, 0x000002d472ee12a0, 0x000002d473bd0100, 0x000002d473c4d320,
0x000002d4736935d0, 0x000002d4736bc270, 0x000002d4736bcc90, 0x000002d4736bd6b0,
0x000002d4736bf510, 0x000002d4736be0d0, 0x000002d4736beaf0, 0x000002d4736bf000,
0x000002d4736bc780, 0x000002d4736bbd60, 0x000002d4736bd1a0, 0x000002d4736bdbc0,
0x000002d473b75c20, 0x000002d473b72470, 0x000002d473b74cf0, 0x000002d473b733a0,
0x000002d473b72980, 0x000002d473b71540, 0x000002d473b742d0, 0x000002d473b75710,
0x000002d473b73dc0, 0x000002d473b747e0, 0x000002d473b76640, 0x000002d473b76130,
0x000002d473b71030, 0x000002d473b71f60, 0x000002d473b75200, 0x000002d473b76b50,
0x000002d473b77060, 0x000002d473b77570, 0x000002d473b70610, 0x000002d473b70b20,
0x000002d473b77f90, 0x000002d474b0b8d0, 0x000002d474b0eb70, 0x000002d474b0f080,
0x000002d474b09050, 0x000002d474b0d730, 0x000002d474b0c2f0, 0x000002d474b0b3c0,
0x000002d474b0aeb0, 0x000002d474b0d220, 0x000002d474b0bde0, 0x000002d474b08120,
0x000002d474b0cd10, 0x000002d474b08b40, 0x000002d474b0c800, 0x000002d472f89d80
}

Java Threads: ( => current thread )
  0x000002d44e8e5950 JavaThread "main" [_thread_blocked, id=13280, stack(0x000000f79d800000,0x000000f79d900000)]
  0x000002d46d812050 JavaThread "Reference Handler" daemon [_thread_blocked, id=1252, stack(0x000000f79df00000,0x000000f79e000000)]
  0x000002d46d812ed0 JavaThread "Finalizer" daemon [_thread_blocked, id=2828, stack(0x000000f79e000000,0x000000f79e100000)]
  0x000002d46d82d3c0 JavaThread "Signal Dispatcher" daemon [_thread_blocked, id=13596, stack(0x000000f79e100000,0x000000f79e200000)]
  0x000002d46d82e040 JavaThread "Attach Listener" daemon [_thread_blocked, id=12500, stack(0x000000f79e200000,0x000000f79e300000)]
  0x000002d46d831a20 JavaThread "Service Thread" daemon [_thread_blocked, id=11292, stack(0x000000f79e300000,0x000000f79e400000)]
  0x000002d46d833120 JavaThread "Monitor Deflation Thread" daemon [_thread_blocked, id=6716, stack(0x000000f79e400000,0x000000f79e500000)]
  0x000002d46d8342d0 JavaThread "C2 CompilerThread0" daemon [_thread_in_native, id=9564, stack(0x000000f79e500000,0x000000f79e600000)]
  0x000002d46d849f90 JavaThread "C1 CompilerThread0" daemon [_thread_blocked, id=13004, stack(0x000000f79e600000,0x000000f79e700000)]
  0x000002d46d85ad60 JavaThread "Sweeper thread" daemon [_thread_blocked, id=15908, stack(0x000000f79e700000,0x000000f79e800000)]
  0x000002d46da45400 JavaThread "Common-Cleaner" daemon [_thread_blocked, id=1148, stack(0x000000f79e800000,0x000000f79e900000)]
  0x000002d46dbff010 JavaThread "Notification Thread" daemon [_thread_blocked, id=3328, stack(0x000000f79e900000,0x000000f79ea00000)]
  0x000002d47419c610 JavaThread "Daemon health stats" [_thread_blocked, id=12692, stack(0x000000f79ef00000,0x000000f79f000000)]
  0x000002d472ee12a0 JavaThread "Incoming local TCP Connector on port 55452" [_thread_in_native, id=11356, stack(0x000000f79eb00000,0x000000f79ec00000)]
  0x000002d473bd0100 JavaThread "Daemon periodic checks" [_thread_blocked, id=12524, stack(0x000000f79f000000,0x000000f79f100000)]
  0x000002d473c4d320 JavaThread "Daemon" [_thread_blocked, id=5268, stack(0x000000f79f200000,0x000000f79f300000)]
  0x000002d4736935d0 JavaThread "Handler for socket connection from /127.0.0.1:55452 to /127.0.0.1:55453" [_thread_in_native, id=9520, stack(0x000000f79f300000,0x000000f79f400000)]
  0x000002d4736bc270 JavaThread "Cancel handler" [_thread_blocked, id=9908, stack(0x000000f79f400000,0x000000f79f500000)]
  0x000002d4736bcc90 JavaThread "Daemon worker" [_thread_in_vm, id=11932, stack(0x000000f79f500000,0x000000f79f600000)]
  0x000002d4736bd6b0 JavaThread "Asynchronous log dispatcher for DefaultDaemonConnection: socket connection from /127.0.0.1:55452 to /127.0.0.1:55453" [_thread_blocked, id=13788, stack(0x000000f79f600000,0x000000f79f700000)]
  0x000002d4736bf510 JavaThread "Stdin handler" [_thread_blocked, id=8508, stack(0x000000f79f700000,0x000000f79f800000)]
  0x000002d4736be0d0 JavaThread "Daemon client event forwarder" [_thread_blocked, id=2284, stack(0x000000f79f800000,0x000000f79f900000)]
  0x000002d4736beaf0 JavaThread "Cache worker for journal cache (C:\Users\Veetrag\.gradle\caches\journal-1)" [_thread_blocked, id=15404, stack(0x000000f79f900000,0x000000f79fa00000)]
  0x000002d4736bf000 JavaThread "File lock request listener" [_thread_in_native, id=9864, stack(0x000000f79fa00000,0x000000f79fb00000)]
  0x000002d4736bc780 JavaThread "Cache worker for file hash cache (C:\Users\Veetrag\.gradle\caches\8.3\fileHashes)" [_thread_blocked, id=8736, stack(0x000000f79fb00000,0x000000f79fc00000)]
  0x000002d4736bbd60 JavaThread "File watcher server" daemon [_thread_in_native, id=15400, stack(0x000000f79fc00000,0x000000f79fd00000)]
  0x000002d4736bd1a0 JavaThread "File watcher consumer" daemon [_thread_blocked, id=7836, stack(0x000000f79fd00000,0x000000f79fe00000)]
  0x000002d4736bdbc0 JavaThread "Cache worker for checksums cache (E:\NewProject\deliveryApp\android\.gradle\8.3\checksums)" [_thread_blocked, id=4992, stack(0x000000f79fe00000,0x000000f79ff00000)]
  0x000002d473b75c20 JavaThread "Cache worker for file hash cache (E:\NewProject\deliveryApp\android\.gradle\8.3\fileHashes)" [_thread_blocked, id=12252, stack(0x000000f79ff00000,0x000000f7a0000000)]
  0x000002d473b72470 JavaThread "Cache worker for cache directory md-supplier (C:\Users\Veetrag\.gradle\caches\8.3\md-supplier)" [_thread_blocked, id=9396, stack(0x000000f7a0000000,0x000000f7a0100000)]
  0x000002d473b74cf0 JavaThread "Cache worker for file content cache (C:\Users\Veetrag\.gradle\caches\8.3\fileContent)" [_thread_blocked, id=10736, stack(0x000000f7a0100000,0x000000f7a0200000)]
  0x000002d473b733a0 JavaThread "Cache worker for cache directory md-rule (C:\Users\Veetrag\.gradle\caches\8.3\md-rule)" [_thread_blocked, id=10352, stack(0x000000f7a0300000,0x000000f7a0400000)]
  0x000002d473b72980 JavaThread "Cache worker for execution history cache (C:\Users\Veetrag\.gradle\caches\8.3\executionHistory)" [_thread_blocked, id=4796, stack(0x000000f7a0400000,0x000000f7a0500000)]
  0x000002d473b71540 JavaThread "jar transforms" [_thread_blocked, id=12952, stack(0x000000f7a0500000,0x000000f7a0600000)]
  0x000002d473b742d0 JavaThread "jar transforms Thread 2" [_thread_blocked, id=3716, stack(0x000000f7a0600000,0x000000f7a0700000)]
  0x000002d473b75710 JavaThread "jar transforms Thread 3" [_thread_blocked, id=3324, stack(0x000000f7a0700000,0x000000f7a0800000)]
  0x000002d473b73dc0 JavaThread "jar transforms Thread 4" [_thread_blocked, id=3332, stack(0x000000f7a0800000,0x000000f7a0900000)]
  0x000002d473b747e0 JavaThread "Cache worker for kotlin-dsl (C:\Users\Veetrag\.gradle\caches\8.3\kotlin-dsl)" [_thread_blocked, id=7724, stack(0x000000f7a0900000,0x000000f7a0a00000)]
  0x000002d473b76640 JavaThread "Unconstrained build operations" [_thread_blocked, id=15852, stack(0x000000f7a0a00000,0x000000f7a0b00000)]
  0x000002d473b76130 JavaThread "Unconstrained build operations Thread 2" [_thread_blocked, id=1792, stack(0x000000f7a0b00000,0x000000f7a0c00000)]
  0x000002d473b71030 JavaThread "Cache worker for dependencies-accessors (E:\NewProject\deliveryApp\android\.gradle\8.3\dependencies-accessors)" [_thread_blocked, id=14420, stack(0x000000f7a0c00000,0x000000f7a0d00000)]
  0x000002d473b71f60 JavaThread "Cache worker for Build Output Cleanup Cache (E:\NewProject\deliveryApp\node_modules\@react-native\gradle-plugin\.gradle\buildOutputCleanup)" [_thread_blocked, id=3376, stack(0x000000f7a0d00000,0x000000f7a0e00000)]
  0x000002d473b75200 JavaThread "Unconstrained build operations Thread 3" [_thread_blocked, id=14452, stack(0x000000f7a0e00000,0x000000f7a0f00000)]
  0x000002d473b76b50 JavaThread "Unconstrained build operations Thread 4" [_thread_blocked, id=3204, stack(0x000000f7a0f00000,0x000000f7a1000000)]
  0x000002d473b77060 JavaThread "Unconstrained build operations Thread 5" [_thread_blocked, id=4824, stack(0x000000f7a1000000,0x000000f7a1100000)]
  0x000002d473b77570 JavaThread "Memory manager" [_thread_blocked, id=14408, stack(0x000000f7a1100000,0x000000f7a1200000)]
  0x000002d473b70610 JavaThread "Cache worker for Build Output Cleanup Cache (E:\NewProject\deliveryApp\android\.gradle\buildOutputCleanup)" [_thread_blocked, id=3188, stack(0x000000f7a1200000,0x000000f7a1300000)]
  0x000002d473b70b20 JavaThread "ForkJoinPool.commonPool-worker-1" daemon [_thread_blocked, id=8796, stack(0x000000f7a1300000,0x000000f7a1400000)]
  0x000002d473b77f90 JavaThread "ForkJoinPool.commonPool-worker-2" daemon [_thread_blocked, id=7844, stack(0x000000f7a1400000,0x000000f7a1500000)]
  0x000002d474b0b8d0 JavaThread "ForkJoinPool.commonPool-worker-3" daemon [_thread_blocked, id=16364, stack(0x000000f7a1500000,0x000000f7a1600000)]
  0x000002d474b0eb70 JavaThread "included builds" [_thread_blocked, id=14076, stack(0x000000f7a1600000,0x000000f7a1700000)]
  0x000002d474b0f080 JavaThread "Execution worker" [_thread_blocked, id=2300, stack(0x000000f7a1700000,0x000000f7a1800000)]
  0x000002d474b09050 JavaThread "Execution worker Thread 2" [_thread_blocked, id=15864, stack(0x000000f7a1800000,0x000000f7a1900000)]
  0x000002d474b0d730 JavaThread "Execution worker Thread 3" [_thread_blocked, id=1724, stack(0x000000f7a1900000,0x000000f7a1a00000)]
  0x000002d474b0c2f0 JavaThread "Cache worker for execution history cache (E:\NewProject\deliveryApp\node_modules\@react-native\gradle-plugin\.gradle\8.3\executionHistory)" [_thread_blocked, id=16340, stack(0x000000f7a1a00000,0x000000f7a1b00000)]
  0x000002d474b0b3c0 JavaThread "Unconstrained build operations Thread 6" [_thread_blocked, id=3876, stack(0x000000f7a1b00000,0x000000f7a1c00000)]
  0x000002d474b0aeb0 JavaThread "Unconstrained build operations Thread 7" [_thread_blocked, id=5596, stack(0x000000f7a1c00000,0x000000f7a1d00000)]
  0x000002d474b0d220 JavaThread "Unconstrained build operations Thread 8" [_thread_blocked, id=15768, stack(0x000000f7a1d00000,0x000000f7a1e00000)]
  0x000002d474b0bde0 JavaThread "Unconstrained build operations Thread 9" [_thread_blocked, id=10840, stack(0x000000f7a1e00000,0x000000f7a1f00000)]
  0x000002d474b08120 JavaThread "Unconstrained build operations Thread 10" [_thread_blocked, id=11284, stack(0x000000f7a1f00000,0x000000f7a2000000)]
  0x000002d474b0cd10 JavaThread "Unconstrained build operations Thread 11" [_thread_blocked, id=13324, stack(0x000000f7a2000000,0x000000f7a2100000)]
  0x000002d474b08b40 JavaThread "Unconstrained build operations Thread 12" [_thread_blocked, id=5884, stack(0x000000f7a2100000,0x000000f7a2200000)]
  0x000002d474b0c800 JavaThread "Unconstrained build operations Thread 13" [_thread_blocked, id=11340, stack(0x000000f7a2200000,0x000000f7a2300000)]
=>0x000002d472f89d80 JavaThread "C2 CompilerThread1" daemon [_thread_in_native, id=13752, stack(0x000000f79f100000,0x000000f79f200000)]

Other Threads:
  0x000002d46d80c420 VMThread "VM Thread" [stack: 0x000000f79de00000,0x000000f79df00000] [id=5012]
  0x000002d44e8e7920 WatcherThread [stack: 0x000000f79ea00000,0x000000f79eb00000] [id=11336]
  0x000002d44e945990 GCTaskThread "GC Thread#0" [stack: 0x000000f79d900000,0x000000f79da00000] [id=6580]
  0x000002d47213dfd0 GCTaskThread "GC Thread#1" [stack: 0x000000f79ec00000,0x000000f79ed00000] [id=11268]
  0x000002d47213e290 GCTaskThread "GC Thread#2" [stack: 0x000000f79ed00000,0x000000f79ee00000] [id=11644]
  0x000002d472224c30 GCTaskThread "GC Thread#3" [stack: 0x000000f79ee00000,0x000000f79ef00000] [id=10648]
  0x000002d44e9568e0 ConcurrentGCThread "G1 Main Marker" [stack: 0x000000f79da00000,0x000000f79db00000] [id=14712]
  0x000002d44e957aa0 ConcurrentGCThread "G1 Conc#0" [stack: 0x000000f79db00000,0x000000f79dc00000] [id=9444]
  0x000002d44e99e350 ConcurrentGCThread "G1 Refine#0" [stack: 0x000000f79dc00000,0x000000f79dd00000] [id=9400]
  0x000002d4756ee7b0 ConcurrentGCThread "G1 Refine#1" [stack: 0x000000f7a0200000,0x000000f7a0300000] [id=5732]
  0x000002d46d6c80e0 ConcurrentGCThread "G1 Service" [stack: 0x000000f79dd00000,0x000000f79de00000] [id=7564]

Threads with active compile tasks:
C2 CompilerThread0    26609 8408       4       org.objectweb.asm.Frame::execute (2318 bytes)
C2 CompilerThread1    26609 8464   !   4       java.net.URLClassLoader$1::run (81 bytes)

VM state: not at safepoint (normal execution)

VM Mutex/Monitor currently owned by a thread:  ([mutex/lock_event])
[0x000002d44c6c7cb0] Metaspace_lock - owner thread: 0x000002d4736bcc90

Heap address: 0x0000000080000000, size: 2048 MB, Compressed Oops mode: 32-bit

CDS archive(s) mapped at: [0x000002d400000000-0x000002d400bb0000-0x000002d400bb0000), size 12255232, SharedBaseAddress: 0x000002d400000000, ArchiveRelocationMode: 1.
Compressed class space mapped at: 0x000002d401000000-0x000002d41b000000, reserved size: 436207616
Narrow klass base: 0x000002d400000000, Narrow klass shift: 0, Narrow klass range: 0x100000000

GC Precious Log:
 CPUs: 4 total, 4 available
 Memory: 8102M
 Large Page Support: Disabled
 NUMA Support: Disabled
 Compressed Oops: Enabled (32-bit)
 Heap Region Size: 1M
 Heap Min Capacity: 8M
 Heap Initial Capacity: 128M
 Heap Max Capacity: 2G
 Pre-touch: Disabled
 Parallel Workers: 4
 Concurrent Workers: 1
 Concurrent Refinement Workers: 4
 Periodic GC: Disabled

Heap:
 garbage-first heap   total 130048K, used 98744K [0x0000000080000000, 0x0000000100000000)
  region size 1024K, 25 young (25600K), 4 survivors (4096K)
 Metaspace       used 67853K, committed 68480K, reserved 491520K
  class space    used 9537K, committed 9856K, reserved 425984K

Heap Regions: E=young(eden), S=young(survivor), O=old, HS=humongous(starts), HC=humongous(continues), CS=collection set, F=free, OA=open archive, CA=closed archive, TAMS=top-at-mark-start (previous, next)
|   0|0x0000000080000000, 0x0000000080100000, 0x0000000080100000|100%| O|  |TAMS 0x0000000080100000, 0x0000000080000000| Untracked 
|   1|0x0000000080100000, 0x0000000080200000, 0x0000000080200000|100%| O|  |TAMS 0x0000000080200000, 0x0000000080100000| Untracked 
|   2|0x0000000080200000, 0x0000000080300000, 0x0000000080300000|100%|HS|  |TAMS 0x0000000080300000, 0x0000000080200000| Complete 
|   3|0x0000000080300000, 0x0000000080400000, 0x0000000080400000|100%|HC|  |TAMS 0x0000000080400000, 0x0000000080300000| Complete 
|   4|0x0000000080400000, 0x0000000080500000, 0x0000000080500000|100%|HC|  |TAMS 0x0000000080500000, 0x0000000080400000| Complete 
|   5|0x0000000080500000, 0x0000000080600000, 0x0000000080600000|100%|HC|  |TAMS 0x0000000080600000, 0x0000000080500000| Complete 
|   6|0x0000000080600000, 0x0000000080700000, 0x0000000080700000|100%| O|  |TAMS 0x0000000080700000, 0x0000000080600000| Untracked 
|   7|0x0000000080700000, 0x0000000080800000, 0x0000000080800000|100%| O|  |TAMS 0x0000000080800000, 0x0000000080700000| Untracked 
|   8|0x0000000080800000, 0x0000000080900000, 0x0000000080900000|100%| O|  |TAMS 0x0000000080900000, 0x0000000080800000| Untracked 
|   9|0x0000000080900000, 0x0000000080a00000, 0x0000000080a00000|100%| O|  |TAMS 0x0000000080a00000, 0x0000000080900000| Untracked 
|  10|0x0000000080a00000, 0x0000000080b00000, 0x0000000080b00000|100%| O|  |TAMS 0x0000000080b00000, 0x0000000080a00000| Untracked 
|  11|0x0000000080b00000, 0x0000000080c00000, 0x0000000080c00000|100%| O|  |TAMS 0x0000000080c00000, 0x0000000080b00000| Untracked 
|  12|0x0000000080c00000, 0x0000000080d00000, 0x0000000080d00000|100%| O|  |TAMS 0x0000000080d00000, 0x0000000080c00000| Untracked 
|  13|0x0000000080d00000, 0x0000000080e00000, 0x0000000080e00000|100%| O|  |TAMS 0x0000000080e00000, 0x0000000080d00000| Untracked 
|  14|0x0000000080e00000, 0x0000000080f00000, 0x0000000080f00000|100%| O|  |TAMS 0x0000000080f00000, 0x0000000080e00000| Untracked 
|  15|0x0000000080f00000, 0x0000000081000000, 0x0000000081000000|100%| O|  |TAMS 0x0000000081000000, 0x0000000080f00000| Untracked 
|  16|0x0000000081000000, 0x0000000081100000, 0x0000000081100000|100%| O|  |TAMS 0x0000000081100000, 0x0000000081000000| Untracked 
|  17|0x0000000081100000, 0x0000000081200000, 0x0000000081200000|100%| O|  |TAMS 0x0000000081200000, 0x0000000081100000| Untracked 
|  18|0x0000000081200000, 0x0000000081300000, 0x0000000081300000|100%| O|  |TAMS 0x0000000081300000, 0x0000000081200000| Untracked 
|  19|0x0000000081300000, 0x00000000813e8600, 0x0000000081400000| 90%| O|  |TAMS 0x00000000813e8600, 0x0000000081300000| Untracked 
|  20|0x0000000081400000, 0x0000000081500000, 0x0000000081500000|100%| O|  |TAMS 0x0000000081500000, 0x0000000081400000| Untracked 
|  21|0x0000000081500000, 0x0000000081600000, 0x0000000081600000|100%| O|  |TAMS 0x0000000081600000, 0x0000000081500000| Untracked 
|  22|0x0000000081600000, 0x0000000081700000, 0x0000000081700000|100%| O|  |TAMS 0x0000000081700000, 0x0000000081600000| Untracked 
|  23|0x0000000081700000, 0x0000000081800000, 0x0000000081800000|100%| O|  |TAMS 0x0000000081800000, 0x0000000081700000| Untracked 
|  24|0x0000000081800000, 0x0000000081900000, 0x0000000081900000|100%| O|  |TAMS 0x0000000081900000, 0x0000000081800000| Untracked 
|  25|0x0000000081900000, 0x0000000081a00000, 0x0000000081a00000|100%| O|  |TAMS 0x0000000081a00000, 0x0000000081900000| Untracked 
|  26|0x0000000081a00000, 0x0000000081b00000, 0x0000000081b00000|100%| O|  |TAMS 0x0000000081b00000, 0x0000000081a00000| Untracked 
|  27|0x0000000081b00000, 0x0000000081c00000, 0x0000000081c00000|100%| O|  |TAMS 0x0000000081c00000, 0x0000000081b00000| Untracked 
|  28|0x0000000081c00000, 0x0000000081d00000, 0x0000000081d00000|100%| O|  |TAMS 0x0000000081d00000, 0x0000000081c00000| Untracked 
|  29|0x0000000081d00000, 0x0000000081e00000, 0x0000000081e00000|100%| O|  |TAMS 0x0000000081e00000, 0x0000000081d00000| Untracked 
|  30|0x0000000081e00000, 0x0000000081f00000, 0x0000000081f00000|100%| O|  |TAMS 0x0000000081f00000, 0x0000000081e00000| Untracked 
|  31|0x0000000081f00000, 0x0000000082000000, 0x0000000082000000|100%| O|  |TAMS 0x0000000082000000, 0x0000000081f00000| Untracked 
|  32|0x0000000082000000, 0x0000000082100000, 0x0000000082100000|100%| O|  |TAMS 0x0000000082100000, 0x0000000082000000| Untracked 
|  33|0x0000000082100000, 0x0000000082200000, 0x0000000082200000|100%| O|  |TAMS 0x0000000082200000, 0x0000000082100000| Untracked 
|  34|0x0000000082200000, 0x0000000082300000, 0x0000000082300000|100%| O|  |TAMS 0x0000000082300000, 0x0000000082200000| Untracked 
|  35|0x0000000082300000, 0x0000000082400000, 0x0000000082400000|100%|HS|  |TAMS 0x0000000082400000, 0x0000000082300000| Complete 
|  36|0x0000000082400000, 0x0000000082500000, 0x0000000082500000|100%|HC|  |TAMS 0x0000000082500000, 0x0000000082400000| Complete 
|  37|0x0000000082500000, 0x0000000082600000, 0x0000000082600000|100%| O|  |TAMS 0x0000000082600000, 0x0000000082500000| Untracked 
|  38|0x0000000082600000, 0x0000000082700000, 0x0000000082700000|100%|HS|  |TAMS 0x0000000082700000, 0x0000000082600000| Complete 
|  39|0x0000000082700000, 0x0000000082800000, 0x0000000082800000|100%|HC|  |TAMS 0x0000000082800000, 0x0000000082700000| Complete 
|  40|0x0000000082800000, 0x0000000082900000, 0x0000000082900000|100%|HS|  |TAMS 0x0000000082900000, 0x0000000082800000| Complete 
|  41|0x0000000082900000, 0x0000000082a00000, 0x0000000082a00000|100%|HC|  |TAMS 0x0000000082a00000, 0x0000000082900000| Complete 
|  42|0x0000000082a00000, 0x0000000082b00000, 0x0000000082b00000|100%|HC|  |TAMS 0x0000000082b00000, 0x0000000082a00000| Complete 
|  43|0x0000000082b00000, 0x0000000082c00000, 0x0000000082c00000|100%|HC|  |TAMS 0x0000000082c00000, 0x0000000082b00000| Complete 
|  44|0x0000000082c00000, 0x0000000082d00000, 0x0000000082d00000|100%| O|  |TAMS 0x0000000082d00000, 0x0000000082c00000| Untracked 
|  45|0x0000000082d00000, 0x0000000082e00000, 0x0000000082e00000|100%| O|  |TAMS 0x0000000082e00000, 0x0000000082d00000| Untracked 
|  46|0x0000000082e00000, 0x0000000082f00000, 0x0000000082f00000|100%| O|  |TAMS 0x0000000082f00000, 0x0000000082e00000| Untracked 
|  47|0x0000000082f00000, 0x0000000083000000, 0x0000000083000000|100%| O|  |TAMS 0x0000000083000000, 0x0000000082f00000| Untracked 
|  48|0x0000000083000000, 0x0000000083100000, 0x0000000083100000|100%| O|  |TAMS 0x0000000083100000, 0x0000000083000000| Untracked 
|  49|0x0000000083100000, 0x0000000083200000, 0x0000000083200000|100%|HS|  |TAMS 0x0000000083200000, 0x0000000083100000| Complete 
|  50|0x0000000083200000, 0x0000000083300000, 0x0000000083300000|100%|HC|  |TAMS 0x0000000083300000, 0x0000000083200000| Complete 
|  51|0x0000000083300000, 0x0000000083400000, 0x0000000083400000|100%|HC|  |TAMS 0x0000000083400000, 0x0000000083300000| Complete 
|  52|0x0000000083400000, 0x0000000083500000, 0x0000000083500000|100%|HC|  |TAMS 0x0000000083500000, 0x0000000083400000| Complete 
|  53|0x0000000083500000, 0x0000000083600000, 0x0000000083600000|100%| O|  |TAMS 0x0000000083600000, 0x0000000083500000| Untracked 
|  54|0x0000000083600000, 0x0000000083700000, 0x0000000083700000|100%| O|  |TAMS 0x0000000083700000, 0x0000000083600000| Untracked 
|  55|0x0000000083700000, 0x0000000083800000, 0x0000000083800000|100%| O|  |TAMS 0x0000000083800000, 0x0000000083700000| Untracked 
|  56|0x0000000083800000, 0x0000000083900000, 0x0000000083900000|100%| O|  |TAMS 0x0000000083900000, 0x0000000083800000| Untracked 
|  57|0x0000000083900000, 0x0000000083a00000, 0x0000000083a00000|100%| O|  |TAMS 0x0000000083a00000, 0x0000000083900000| Untracked 
|  58|0x0000000083a00000, 0x0000000083b00000, 0x0000000083b00000|100%| O|  |TAMS 0x0000000083b00000, 0x0000000083a00000| Untracked 
|  59|0x0000000083b00000, 0x0000000083c00000, 0x0000000083c00000|100%| O|  |TAMS 0x0000000083c00000, 0x0000000083b00000| Untracked 
|  60|0x0000000083c00000, 0x0000000083d00000, 0x0000000083d00000|100%| O|  |TAMS 0x0000000083d00000, 0x0000000083c00000| Untracked 
|  61|0x0000000083d00000, 0x0000000083e00000, 0x0000000083e00000|100%| O|  |TAMS 0x0000000083e00000, 0x0000000083d00000| Untracked 
|  62|0x0000000083e00000, 0x0000000083f00000, 0x0000000083f00000|100%| O|  |TAMS 0x0000000083e3ba00, 0x0000000083e00000| Untracked 
|  63|0x0000000083f00000, 0x0000000084000000, 0x0000000084000000|100%| O|  |TAMS 0x0000000083f00000, 0x0000000083f00000| Untracked 
|  64|0x0000000084000000, 0x0000000084100000, 0x0000000084100000|100%| O|  |TAMS 0x0000000084000000, 0x0000000084000000| Untracked 
|  65|0x0000000084100000, 0x0000000084200000, 0x0000000084200000|100%|HS|  |TAMS 0x0000000084100000, 0x0000000084100000| Complete 
|  66|0x0000000084200000, 0x0000000084300000, 0x0000000084300000|100%|HS|  |TAMS 0x0000000084200000, 0x0000000084200000| Complete 
|  67|0x0000000084300000, 0x0000000084400000, 0x0000000084400000|100%|HS|  |TAMS 0x0000000084300000, 0x0000000084300000| Complete 
|  68|0x0000000084400000, 0x0000000084400000, 0x0000000084500000|  0%| F|  |TAMS 0x0000000084400000, 0x0000000084400000| Untracked 
|  69|0x0000000084500000, 0x0000000084600000, 0x0000000084600000|100%|HS|  |TAMS 0x0000000084500000, 0x0000000084500000| Complete 
|  70|0x0000000084600000, 0x0000000084700000, 0x0000000084700000|100%| O|  |TAMS 0x0000000084600000, 0x0000000084600000| Untracked 
|  71|0x0000000084700000, 0x0000000084800000, 0x0000000084800000|100%| O|  |TAMS 0x0000000084700000, 0x0000000084700000| Untracked 
|  72|0x0000000084800000, 0x0000000084900000, 0x0000000084900000|100%| O|  |TAMS 0x0000000084800000, 0x0000000084800000| Untracked 
|  73|0x0000000084900000, 0x0000000084985a00, 0x0000000084a00000| 52%| O|  |TAMS 0x0000000084900000, 0x0000000084900000| Untracked 
|  74|0x0000000084a00000, 0x0000000084a00000, 0x0000000084b00000|  0%| F|  |TAMS 0x0000000084a00000, 0x0000000084a00000| Untracked 
|  75|0x0000000084b00000, 0x0000000084b00000, 0x0000000084c00000|  0%| F|  |TAMS 0x0000000084b00000, 0x0000000084b00000| Untracked 
|  76|0x0000000084c00000, 0x0000000084c00000, 0x0000000084d00000|  0%| F|  |TAMS 0x0000000084c00000, 0x0000000084c00000| Untracked 
|  77|0x0000000084d00000, 0x0000000084d00000, 0x0000000084e00000|  0%| F|  |TAMS 0x0000000084d00000, 0x0000000084d00000| Untracked 
|  78|0x0000000084e00000, 0x0000000084e00000, 0x0000000084f00000|  0%| F|  |TAMS 0x0000000084e00000, 0x0000000084e00000| Untracked 
|  79|0x0000000084f00000, 0x0000000084f00000, 0x0000000085000000|  0%| F|  |TAMS 0x0000000084f00000, 0x0000000084f00000| Untracked 
|  80|0x0000000085000000, 0x0000000085000000, 0x0000000085100000|  0%| F|  |TAMS 0x0000000085000000, 0x0000000085000000| Untracked 
|  81|0x0000000085100000, 0x0000000085100000, 0x0000000085200000|  0%| F|  |TAMS 0x0000000085100000, 0x0000000085100000| Untracked 
|  82|0x0000000085200000, 0x0000000085200000, 0x0000000085300000|  0%| F|  |TAMS 0x0000000085200000, 0x0000000085200000| Untracked 
|  83|0x0000000085300000, 0x0000000085300000, 0x0000000085400000|  0%| F|  |TAMS 0x0000000085300000, 0x0000000085300000| Untracked 
|  84|0x0000000085400000, 0x0000000085400000, 0x0000000085500000|  0%| F|  |TAMS 0x0000000085400000, 0x0000000085400000| Untracked 
|  85|0x0000000085500000, 0x0000000085500000, 0x0000000085600000|  0%| F|  |TAMS 0x0000000085500000, 0x0000000085500000| Untracked 
|  86|0x0000000085600000, 0x0000000085600000, 0x0000000085700000|  0%| F|  |TAMS 0x0000000085600000, 0x0000000085600000| Untracked 
|  87|0x0000000085700000, 0x0000000085700000, 0x0000000085800000|  0%| F|  |TAMS 0x0000000085700000, 0x0000000085700000| Untracked 
|  88|0x0000000085800000, 0x0000000085800000, 0x0000000085900000|  0%| F|  |TAMS 0x0000000085800000, 0x0000000085800000| Untracked 
|  89|0x0000000085900000, 0x0000000085900000, 0x0000000085a00000|  0%| F|  |TAMS 0x0000000085900000, 0x0000000085900000| Untracked 
|  90|0x0000000085a00000, 0x0000000085a00000, 0x0000000085b00000|  0%| F|  |TAMS 0x0000000085a00000, 0x0000000085a00000| Untracked 
|  91|0x0000000085b00000, 0x0000000085b00000, 0x0000000085c00000|  0%| F|  |TAMS 0x0000000085b00000, 0x0000000085b00000| Untracked 
|  92|0x0000000085c00000, 0x0000000085c00000, 0x0000000085d00000|  0%| F|  |TAMS 0x0000000085c00000, 0x0000000085c00000| Untracked 
|  93|0x0000000085d00000, 0x0000000085d00000, 0x0000000085e00000|  0%| F|  |TAMS 0x0000000085d00000, 0x0000000085d00000| Untracked 
|  94|0x0000000085e00000, 0x0000000085f00000, 0x0000000085f00000|100%| S|CS|TAMS 0x0000000085e00000, 0x0000000085e00000| Complete 
|  95|0x0000000085f00000, 0x0000000086000000, 0x0000000086000000|100%| S|CS|TAMS 0x0000000085f00000, 0x0000000085f00000| Complete 
|  96|0x0000000086000000, 0x0000000086100000, 0x0000000086100000|100%| S|CS|TAMS 0x0000000086000000, 0x0000000086000000| Complete 
|  97|0x0000000086100000, 0x0000000086200000, 0x0000000086200000|100%| S|CS|TAMS 0x0000000086100000, 0x0000000086100000| Complete 
|  98|0x0000000086200000, 0x0000000086200000, 0x0000000086300000|  0%| F|  |TAMS 0x0000000086200000, 0x0000000086200000| Untracked 
|  99|0x0000000086300000, 0x0000000086300000, 0x0000000086400000|  0%| F|  |TAMS 0x0000000086300000, 0x0000000086300000| Untracked 
| 100|0x0000000086400000, 0x0000000086400000, 0x0000000086500000|  0%| F|  |TAMS 0x0000000086400000, 0x0000000086400000| Untracked 
| 101|0x0000000086500000, 0x0000000086500000, 0x0000000086600000|  0%| F|  |TAMS 0x0000000086500000, 0x0000000086500000| Untracked 
| 102|0x0000000086600000, 0x0000000086600000, 0x0000000086700000|  0%| F|  |TAMS 0x0000000086600000, 0x0000000086600000| Untracked 
| 103|0x0000000086700000, 0x0000000086700000, 0x0000000086800000|  0%| F|  |TAMS 0x0000000086700000, 0x0000000086700000| Untracked 
| 104|0x0000000086800000, 0x0000000086800000, 0x0000000086900000|  0%| F|  |TAMS 0x0000000086800000, 0x0000000086800000| Untracked 
| 105|0x0000000086900000, 0x0000000086900000, 0x0000000086a00000|  0%| F|  |TAMS 0x0000000086900000, 0x0000000086900000| Untracked 
| 106|0x0000000086a00000, 0x0000000086a75208, 0x0000000086b00000| 45%| E|  |TAMS 0x0000000086a00000, 0x0000000086a00000| Complete 
| 107|0x0000000086b00000, 0x0000000086c00000, 0x0000000086c00000|100%| E|CS|TAMS 0x0000000086b00000, 0x0000000086b00000| Complete 
| 108|0x0000000086c00000, 0x0000000086d00000, 0x0000000086d00000|100%| E|CS|TAMS 0x0000000086c00000, 0x0000000086c00000| Complete 
| 109|0x0000000086d00000, 0x0000000086e00000, 0x0000000086e00000|100%| E|CS|TAMS 0x0000000086d00000, 0x0000000086d00000| Complete 
| 110|0x0000000086e00000, 0x0000000086f00000, 0x0000000086f00000|100%| E|CS|TAMS 0x0000000086e00000, 0x0000000086e00000| Complete 
| 111|0x0000000086f00000, 0x0000000087000000, 0x0000000087000000|100%| E|CS|TAMS 0x0000000086f00000, 0x0000000086f00000| Complete 
| 112|0x0000000087000000, 0x0000000087100000, 0x0000000087100000|100%| E|CS|TAMS 0x0000000087000000, 0x0000000087000000| Complete 
| 113|0x0000000087100000, 0x0000000087200000, 0x0000000087200000|100%| E|CS|TAMS 0x0000000087100000, 0x0000000087100000| Complete 
| 114|0x0000000087200000, 0x0000000087300000, 0x0000000087300000|100%| E|CS|TAMS 0x0000000087200000, 0x0000000087200000| Complete 
| 115|0x0000000087300000, 0x0000000087400000, 0x0000000087400000|100%| E|CS|TAMS 0x0000000087300000, 0x0000000087300000| Complete 
| 116|0x0000000087400000, 0x0000000087500000, 0x0000000087500000|100%| E|CS|TAMS 0x0000000087400000, 0x0000000087400000| Complete 
| 117|0x0000000087500000, 0x0000000087600000, 0x0000000087600000|100%| E|CS|TAMS 0x0000000087500000, 0x0000000087500000| Complete 
| 118|0x0000000087600000, 0x0000000087700000, 0x0000000087700000|100%| E|CS|TAMS 0x0000000087600000, 0x0000000087600000| Complete 
| 119|0x0000000087700000, 0x0000000087800000, 0x0000000087800000|100%| E|CS|TAMS 0x0000000087700000, 0x0000000087700000| Complete 
| 120|0x0000000087800000, 0x0000000087900000, 0x0000000087900000|100%| E|CS|TAMS 0x0000000087800000, 0x0000000087800000| Complete 
| 121|0x0000000087900000, 0x0000000087a00000, 0x0000000087a00000|100%| E|CS|TAMS 0x0000000087900000, 0x0000000087900000| Complete 
| 122|0x0000000087a00000, 0x0000000087b00000, 0x0000000087b00000|100%| E|CS|TAMS 0x0000000087a00000, 0x0000000087a00000| Complete 
| 123|0x0000000087b00000, 0x0000000087c00000, 0x0000000087c00000|100%| E|CS|TAMS 0x0000000087b00000, 0x0000000087b00000| Complete 
| 124|0x0000000087c00000, 0x0000000087d00000, 0x0000000087d00000|100%| E|CS|TAMS 0x0000000087c00000, 0x0000000087c00000| Complete 
| 125|0x0000000087d00000, 0x0000000087e00000, 0x0000000087e00000|100%| E|CS|TAMS 0x0000000087d00000, 0x0000000087d00000| Complete 
| 127|0x0000000087f00000, 0x0000000088000000, 0x0000000088000000|100%| E|CS|TAMS 0x0000000087f00000, 0x0000000087f00000| Complete 

Card table byte_map: [0x000002d466b70000,0x000002d466f70000] _byte_map_base: 0x000002d466770000

Marking Bits (Prev, Next): (CMBitMap*) 0x000002d44e945fb0, (CMBitMap*) 0x000002d44e945ff0
 Prev Bits: [0x000002d467370000, 0x000002d469370000)
 Next Bits: [0x000002d469370000, 0x000002d46b370000)

Polling page: 0x000002d44c670000

Metaspace:

Usage:
  Non-class:     56.95 MB used.
      Class:      9.31 MB used.
       Both:     66.26 MB used.

Virtual space:
  Non-class space:       64.00 MB reserved,      57.25 MB ( 89%) committed,  1 nodes.
      Class space:      416.00 MB reserved,       9.62 MB (  2%) committed,  1 nodes.
             Both:      480.00 MB reserved,      66.88 MB ( 14%) committed. 

Chunk freelists:
   Non-Class:  6.23 MB
       Class:  6.39 MB
        Both:  12.62 MB

MaxMetaspaceSize: 512.00 MB
CompressedClassSpaceSize: 416.00 MB
Initial GC threshold: 21.00 MB
Current GC threshold: 106.19 MB
CDS: on
MetaspaceReclaimPolicy: balanced
 - commit_granule_bytes: 65536.
 - commit_granule_words: 8192.
 - virtual_space_node_default_size: 8388608.
 - enlarge_chunks_in_place: 1.
 - new_chunks_are_fully_committed: 0.
 - uncommit_free_chunks: 1.
 - use_allocation_guard: 0.
 - handle_deallocations: 1.


Internal statistics:

num_allocs_failed_limit: 6.
num_arena_births: 822.
num_arena_deaths: 0.
num_vsnodes_births: 2.
num_vsnodes_deaths: 0.
num_space_committed: 1070.
num_space_uncommitted: 0.
num_chunks_returned_to_freelist: 6.
num_chunks_taken_from_freelist: 3568.
num_chunk_merges: 6.
num_chunk_splits: 2387.
num_chunks_enlarged: 1615.
num_inconsistent_stats: 0.

CodeHeap 'non-profiled nmethods': size=120000Kb used=4036Kb max_used=4036Kb free=115963Kb
 bounds [0x000002d45f240000, 0x000002d45f640000, 0x000002d466770000]
CodeHeap 'profiled nmethods': size=120000Kb used=14822Kb max_used=14822Kb free=105178Kb
 bounds [0x000002d457770000, 0x000002d4585f0000, 0x000002d45eca0000]
CodeHeap 'non-nmethods': size=5760Kb used=2366Kb max_used=2416Kb free=3393Kb
 bounds [0x000002d45eca0000, 0x000002d45ef10000, 0x000002d45f240000]
 total_blobs=8551 nmethods=7662 adapters=800
 compilation: enabled
              stopped_count=0, restarted_count=0
 full_count=0

Compilation events (20 events):
Event: 26.401 Thread 0x000002d472f89d80 nmethod 8454 0x000002d45f62f510 code [0x000002d45f62f6e0, 0x000002d45f62fbb8]
Event: 26.401 Thread 0x000002d46d849f90 8455       3       org.gradle.internal.instantiation.generator.AsmBackedClassGenerator$ClassBuilderImpl::access$600 (4 bytes)
Event: 26.401 Thread 0x000002d46d849f90 nmethod 8455 0x000002d4585e7910 code [0x000002d4585e7aa0, 0x000002d4585e7b98]
Event: 26.402 Thread 0x000002d46d849f90 8456       1       org.gradle.internal.instantiation.generator.AsmBackedClassGenerator$ClassBuilderImpl::access$7500 (5 bytes)
Event: 26.402 Thread 0x000002d46d849f90 nmethod 8456 0x000002d45f62ff90 code [0x000002d45f630120, 0x000002d45f6301d8]
Event: 26.408 Thread 0x000002d472f89d80 8458       4       java.lang.Class::isAnnotation (17 bytes)
Event: 26.408 Thread 0x000002d46d849f90 8459       3       org.gradle.internal.instantiation.generator.AsmBackedClassGenerator$ClassBuilderImpl::access$5200 (4 bytes)
Event: 26.408 Thread 0x000002d46d849f90 nmethod 8459 0x000002d4585e7c10 code [0x000002d4585e7da0, 0x000002d4585e7e98]
Event: 26.408 Thread 0x000002d472f89d80 nmethod 8458 0x000002d45f630690 code [0x000002d45f630800, 0x000002d45f630898]
Event: 26.408 Thread 0x000002d472f89d80 8460       4       org.objectweb.asm.MethodVisitor::visitFieldInsn (20 bytes)
Event: 26.413 Thread 0x000002d46d849f90 8461       3       com.google.common.collect.Hashing::smear (19 bytes)
Event: 26.413 Thread 0x000002d46d849f90 nmethod 8461 0x000002d4585e7f10 code [0x000002d4585e80a0, 0x000002d4585e8218]
Event: 26.413 Thread 0x000002d46d849f90 8462       3       org.gradle.api.internal.provider.AbstractMinimalProvider::getOrNull (13 bytes)
Event: 26.413 Thread 0x000002d46d849f90 nmethod 8462 0x000002d4585e8310 code [0x000002d4585e84c0, 0x000002d4585e8758]
Event: 26.413 Thread 0x000002d46d849f90 8463       3       org.gradle.api.internal.provider.ValueSupplier$Value::ofNullable (23 bytes)
Event: 26.414 Thread 0x000002d46d849f90 nmethod 8463 0x000002d4585e8810 code [0x000002d4585e89e0, 0x000002d4585e8dd8]
Event: 26.415 Thread 0x000002d472f89d80 nmethod 8460 0x000002d45f630990 code [0x000002d45f630b40, 0x000002d45f630ea8]
Event: 26.430 Thread 0x000002d472f89d80 8464   !   4       java.net.URLClassLoader$1::run (81 bytes)
Event: 26.442 Thread 0x000002d46d849f90 8465       3       java.util.ComparableTimSort::reverseRange (32 bytes)
Event: 26.442 Thread 0x000002d46d849f90 nmethod 8465 0x000002d4585e8f90 code [0x000002d4585e9160, 0x000002d4585e9678]

GC Heap History (20 events):
Event: 20.386 GC heap before
{Heap before GC invocations=17 (full 0):
 garbage-first heap   total 87040K, used 71787K [0x0000000080000000, 0x0000000100000000)
  region size 1024K, 28 young (28672K), 3 survivors (3072K)
 Metaspace       used 49111K, committed 49728K, reserved 491520K
  class space    used 6895K, committed 7168K, reserved 425984K
}
Event: 20.395 GC heap after
{Heap after GC invocations=18 (full 0):
 garbage-first heap   total 87040K, used 50180K [0x0000000080000000, 0x0000000100000000)
  region size 1024K, 4 young (4096K), 4 survivors (4096K)
 Metaspace       used 49111K, committed 49728K, reserved 491520K
  class space    used 6895K, committed 7168K, reserved 425984K
}
Event: 20.891 GC heap before
{Heap before GC invocations=18 (full 0):
 garbage-first heap   total 87040K, used 70660K [0x0000000080000000, 0x0000000100000000)
  region size 1024K, 24 young (24576K), 4 survivors (4096K)
 Metaspace       used 51036K, committed 51648K, reserved 491520K
  class space    used 7212K, committed 7488K, reserved 425984K
}
Event: 20.900 GC heap after
{Heap after GC invocations=19 (full 0):
 garbage-first heap   total 87040K, used 51015K [0x0000000080000000, 0x0000000100000000)
  region size 1024K, 1 young (1024K), 1 survivors (1024K)
 Metaspace       used 51036K, committed 51648K, reserved 491520K
  class space    used 7212K, committed 7488K, reserved 425984K
}
Event: 21.155 GC heap before
{Heap before GC invocations=20 (full 0):
 garbage-first heap   total 92160K, used 59207K [0x0000000080000000, 0x0000000100000000)
  region size 1024K, 10 young (10240K), 1 survivors (1024K)
 Metaspace       used 51849K, committed 52480K, reserved 491520K
  class space    used 7355K, committed 7680K, reserved 425984K
}
Event: 21.159 GC heap after
{Heap after GC invocations=21 (full 0):
 garbage-first heap   total 110592K, used 51369K [0x0000000080000000, 0x0000000100000000)
  region size 1024K, 2 young (2048K), 2 survivors (2048K)
 Metaspace       used 51849K, committed 52480K, reserved 491520K
  class space    used 7355K, committed 7680K, reserved 425984K
}
Event: 22.059 GC heap before
{Heap before GC invocations=22 (full 0):
 garbage-first heap   total 110592K, used 95401K [0x0000000080000000, 0x0000000100000000)
  region size 1024K, 41 young (41984K), 2 survivors (2048K)
 Metaspace       used 54807K, committed 55488K, reserved 491520K
  class space    used 7749K, committed 8064K, reserved 425984K
}
Event: 22.065 GC heap after
{Heap after GC invocations=23 (full 0):
 garbage-first heap   total 110592K, used 57308K [0x0000000080000000, 0x0000000100000000)
  region size 1024K, 4 young (4096K), 4 survivors (4096K)
 Metaspace       used 54807K, committed 55488K, reserved 491520K
  class space    used 7749K, committed 8064K, reserved 425984K
}
Event: 22.664 GC heap before
{Heap before GC invocations=23 (full 0):
 garbage-first heap   total 110592K, used 91100K [0x0000000080000000, 0x0000000100000000)
  region size 1024K, 38 young (38912K), 4 survivors (4096K)
 Metaspace       used 58418K, committed 59072K, reserved 491520K
  class space    used 8217K, committed 8576K, reserved 425984K
}
Event: 22.672 GC heap after
{Heap after GC invocations=24 (full 0):
 garbage-first heap   total 110592K, used 58982K [0x0000000080000000, 0x0000000100000000)
  region size 1024K, 4 young (4096K), 4 survivors (4096K)
 Metaspace       used 58418K, committed 59072K, reserved 491520K
  class space    used 8217K, committed 8576K, reserved 425984K
}
Event: 23.363 GC heap before
{Heap before GC invocations=25 (full 0):
 garbage-first heap   total 110592K, used 91750K [0x0000000080000000, 0x0000000100000000)
  region size 1024K, 37 young (37888K), 4 survivors (4096K)
 Metaspace       used 60397K, committed 61056K, reserved 491520K
  class space    used 8528K, committed 8832K, reserved 425984K
}
Event: 23.374 GC heap after
{Heap after GC invocations=26 (full 0):
 garbage-first heap   total 110592K, used 61325K [0x0000000080000000, 0x0000000100000000)
  region size 1024K, 4 young (4096K), 4 survivors (4096K)
 Metaspace       used 60397K, committed 61056K, reserved 491520K
  class space    used 8528K, committed 8832K, reserved 425984K
}
Event: 24.284 GC heap before
{Heap before GC invocations=26 (full 0):
 garbage-first heap   total 110592K, used 92045K [0x0000000080000000, 0x0000000100000000)
  region size 1024K, 34 young (34816K), 4 survivors (4096K)
 Metaspace       used 62315K, committed 62976K, reserved 491520K
  class space    used 8803K, committed 9152K, reserved 425984K
}
Event: 24.296 GC heap after
{Heap after GC invocations=27 (full 0):
 garbage-first heap   total 110592K, used 64275K [0x0000000080000000, 0x0000000100000000)
  region size 1024K, 5 young (5120K), 5 survivors (5120K)
 Metaspace       used 62315K, committed 62976K, reserved 491520K
  class space    used 8803K, committed 9152K, reserved 425984K
}
Event: 25.306 GC heap before
{Heap before GC invocations=28 (full 0):
 garbage-first heap   total 114688K, used 90899K [0x0000000080000000, 0x0000000100000000)
  region size 1024K, 32 young (32768K), 5 survivors (5120K)
 Metaspace       used 64409K, committed 65088K, reserved 491520K
  class space    used 9155K, committed 9472K, reserved 425984K
}
Event: 25.319 GC heap after
{Heap after GC invocations=29 (full 0):
 garbage-first heap   total 114688K, used 66344K [0x0000000080000000, 0x0000000100000000)
  region size 1024K, 3 young (3072K), 3 survivors (3072K)
 Metaspace       used 64409K, committed 65088K, reserved 491520K
  class space    used 9155K, committed 9472K, reserved 425984K
}
Event: 25.634 GC heap before
{Heap before GC invocations=29 (full 0):
 garbage-first heap   total 114688K, used 77608K [0x0000000080000000, 0x0000000100000000)
  region size 1024K, 15 young (15360K), 3 survivors (3072K)
 Metaspace       used 64536K, committed 65216K, reserved 491520K
  class space    used 9163K, committed 9472K, reserved 425984K
}
Event: 25.642 GC heap after
{Heap after GC invocations=30 (full 0):
 garbage-first heap   total 114688K, used 67122K [0x0000000080000000, 0x0000000100000000)
  region size 1024K, 1 young (1024K), 1 survivors (1024K)
 Metaspace       used 64536K, committed 65216K, reserved 491520K
  class space    used 9163K, committed 9472K, reserved 425984K
}
Event: 26.197 GC heap before
{Heap before GC invocations=31 (full 0):
 garbage-first heap   total 130048K, used 99890K [0x0000000080000000, 0x0000000100000000)
  region size 1024K, 29 young (29696K), 1 survivors (1024K)
 Metaspace       used 66003K, committed 66688K, reserved 491520K
  class space    used 9348K, committed 9664K, reserved 425984K
}
Event: 26.202 GC heap after
{Heap after GC invocations=32 (full 0):
 garbage-first heap   total 130048K, used 78264K [0x0000000080000000, 0x0000000100000000)
  region size 1024K, 4 young (4096K), 4 survivors (4096K)
 Metaspace       used 66003K, committed 66688K, reserved 491520K
  class space    used 9348K, committed 9664K, reserved 425984K
}

Dll operation events (14 events):
Event: 0.018 Loaded shared library C:\Program Files\OpenLogic\jdk-17.0.9.9-hotspot\bin\java.dll
Event: 0.064 Loaded shared library C:\Program Files\OpenLogic\jdk-17.0.9.9-hotspot\bin\jsvml.dll
Event: 0.162 Loaded shared library C:\Program Files\OpenLogic\jdk-17.0.9.9-hotspot\bin\zip.dll
Event: 0.168 Loaded shared library C:\Program Files\OpenLogic\jdk-17.0.9.9-hotspot\bin\instrument.dll
Event: 0.174 Loaded shared library C:\Program Files\OpenLogic\jdk-17.0.9.9-hotspot\bin\net.dll
Event: 0.177 Loaded shared library C:\Program Files\OpenLogic\jdk-17.0.9.9-hotspot\bin\nio.dll
Event: 0.183 Loaded shared library C:\Program Files\OpenLogic\jdk-17.0.9.9-hotspot\bin\zip.dll
Event: 0.795 Loaded shared library C:\Program Files\OpenLogic\jdk-17.0.9.9-hotspot\bin\jimage.dll
Event: 0.943 Loaded shared library C:\Program Files\OpenLogic\jdk-17.0.9.9-hotspot\bin\verify.dll
Event: 1.232 Loaded shared library C:\Users\Veetrag\.gradle\native\68d5fa5c4cc2d200863cafc0d521ce42e7d3e7ee720ec0a83991735586a16f82\windows-amd64\native-platform.dll
Event: 1.241 Loaded shared library C:\Users\Veetrag\.gradle\native\e376f236ea51e6404a007f0833ffe2c6e607c4080706a723a18a27aeea778392\windows-amd64\native-platform-file-events.dll
Event: 3.346 Loaded shared library C:\Program Files\OpenLogic\jdk-17.0.9.9-hotspot\bin\management.dll
Event: 3.350 Loaded shared library C:\Program Files\OpenLogic\jdk-17.0.9.9-hotspot\bin\management_ext.dll
Event: 4.472 Loaded shared library C:\Program Files\OpenLogic\jdk-17.0.9.9-hotspot\bin\sunmscapi.dll

Deoptimization events (20 events):
Event: 26.169 Thread 0x000002d4736bcc90 Uncommon trap: trap_request=0xffffffde fr.pc=0x000002d45f397254 relative=0x0000000000005ef4
Event: 26.169 Thread 0x000002d4736bcc90 Uncommon trap: reason=class_check action=maybe_recompile pc=0x000002d45f397254 method=java.util.jar.JarFile.getManifestFromReference()Ljava/util/jar/Manifest; @ 152 c2
Event: 26.169 Thread 0x000002d4736bcc90 DEOPT PACKING pc=0x000002d45f397254 sp=0x000000f79f5f21a0
Event: 26.169 Thread 0x000002d4736bcc90 DEOPT UNPACKING pc=0x000002d45ecf69a3 sp=0x000000f79f5f1ff8 mode 2
Event: 26.299 Thread 0x000002d4736bcc90 Uncommon trap: trap_request=0xffffffc6 fr.pc=0x000002d45f490728 relative=0x00000000000001e8
Event: 26.299 Thread 0x000002d4736bcc90 Uncommon trap: reason=bimorphic_or_optimized_type_check action=maybe_recompile pc=0x000002d45f490728 method=java.io.BufferedInputStream.read1([BII)I @ 39 c2
Event: 26.299 Thread 0x000002d4736bcc90 DEOPT PACKING pc=0x000002d45f490728 sp=0x000000f79f5f33c0
Event: 26.299 Thread 0x000002d4736bcc90 DEOPT UNPACKING pc=0x000002d45ecf69a3 sp=0x000000f79f5f3348 mode 2
Event: 26.348 Thread 0x000002d4736bcc90 Uncommon trap: trap_request=0xffffffde fr.pc=0x000002d45f2bad18 relative=0x0000000000000498
Event: 26.348 Thread 0x000002d4736bcc90 Uncommon trap: reason=class_check action=maybe_recompile pc=0x000002d45f2bad18 method=org.gradle.internal.instantiation.generator.AbstractClassGenerator$InjectionAnnotationValidator.validateMethod(Ljava/lang/reflect/Method;Lorg/gradle/internal/reflect/Pro
Event: 26.348 Thread 0x000002d4736bcc90 DEOPT PACKING pc=0x000002d45f2bad18 sp=0x000000f79f5f3530
Event: 26.348 Thread 0x000002d4736bcc90 DEOPT UNPACKING pc=0x000002d45ecf69a3 sp=0x000000f79f5f34d8 mode 2
Event: 26.359 Thread 0x000002d4736bcc90 Uncommon trap: trap_request=0xffffffde fr.pc=0x000002d45f397254 relative=0x0000000000005ef4
Event: 26.359 Thread 0x000002d4736bcc90 Uncommon trap: reason=class_check action=maybe_recompile pc=0x000002d45f397254 method=java.util.jar.JarFile.getManifestFromReference()Ljava/util/jar/Manifest; @ 152 c2
Event: 26.359 Thread 0x000002d4736bcc90 DEOPT PACKING pc=0x000002d45f397254 sp=0x000000f79f5f3820
Event: 26.359 Thread 0x000002d4736bcc90 DEOPT UNPACKING pc=0x000002d45ecf69a3 sp=0x000000f79f5f3678 mode 2
Event: 26.447 Thread 0x000002d4736bcc90 Uncommon trap: trap_request=0xfffffff4 fr.pc=0x000002d45f630868 relative=0x0000000000000068
Event: 26.447 Thread 0x000002d4736bcc90 Uncommon trap: reason=null_check action=make_not_entrant pc=0x000002d45f630868 method=java.lang.Class.isAnnotation()Z @ 1 c2
Event: 26.447 Thread 0x000002d4736bcc90 DEOPT PACKING pc=0x000002d45f630868 sp=0x000000f79f5f3720
Event: 26.447 Thread 0x000002d4736bcc90 DEOPT UNPACKING pc=0x000002d45ecf69a3 sp=0x000000f79f5f36b0 mode 2

Classes unloaded (0 events):
No events

Classes redefined (0 events):
No events

Internal exceptions (20 events):
Event: 23.136 Thread 0x000002d4736bcc90 Exception <a 'java/lang/ClassNotFoundException'{0x000000008536a420}: org/gradle/api/internal/artifacts/dsl/dependencies/DefaultDependencyHandler_DecoratedBeanInfo> (0x000000008536a420) 
thrown [s\src\hotspot\share\classfile\systemDictionary.cpp, line 256]
Event: 23.137 Thread 0x000002d4736bcc90 Exception <a 'java/lang/ClassNotFoundException'{0x0000000085380e10}: org/gradle/api/internal/artifacts/dsl/dependencies/DefaultDependencyHandlerBeanInfo> (0x0000000085380e10) 
thrown [s\src\hotspot\share\classfile\systemDictionary.cpp, line 256]
Event: 23.139 Thread 0x000002d4736bcc90 Exception <a 'java/lang/ClassNotFoundException'{0x0000000085397018}: org/gradle/api/internal/artifacts/dsl/dependencies/DefaultDependencyHandlerCustomizer> (0x0000000085397018) 
thrown [s\src\hotspot\share\classfile\systemDictionary.cpp, line 256]
Event: 23.143 Thread 0x000002d4736bcc90 Exception <a 'java/lang/ClassNotFoundException'{0x00000000853d3ea0}: org/gradle/api/internal/artifacts/dsl/dependencies/DefaultDependencyHandler_DecoratedCustomizer> (0x00000000853d3ea0) 
thrown [s\src\hotspot\share\classfile\systemDictionary.cpp, line 256]
Event: 24.561 Thread 0x000002d4736bcc90 Exception <a 'java/lang/NoSuchMethodError'{0x0000000086c684b8}: 'java.lang.Object java.lang.invoke.DirectMethodHandle$Holder.newInvokeSpecial(java.lang.Object, java.lang.Object, java.lang.Object, java.lang.Object, java.lang.Object, java.lang.Object, int)'> (0x0000000086c684b8) 
thrown [s\src\hotspot\share\interpreter\linkResolver.cpp, line 759]
Event: 24.562 Thread 0x000002d4736bcc90 Exception <a 'java/lang/NoSuchMethodError'{0x0000000086c6e4a0}: 'java.lang.Object java.lang.invoke.DirectMethodHandle$Holder.invokeSpecial(java.lang.Object, java.lang.Object, java.lang.Object, java.lang.Object, java.lang.Object, java.lang.Object, java.lang.Object, int)'> (0x0000000086c6e4a0) 
thrown [s\src\hotspot\share\interpreter\linkResolver.cpp, line 759]
Event: 24.563 Thread 0x000002d4736bcc90 Exception <a 'java/lang/NoSuchMethodError'{0x0000000086c74070}: 'java.lang.Object java.lang.invoke.Invokers$Holder.linkToTargetMethod(java.lang.Object, java.lang.Object, java.lang.Object, java.lang.Object, java.lang.Object, int, java.lang.Object)'> (0x0000000086c74070) 
thrown [s\src\hotspot\share\interpreter\linkResolver.cpp, line 759]
Event: 24.587 Thread 0x000002d473b70b20 Implicit null exception at 0x000002d45f329103 to 0x000002d45f3292c8
Event: 24.865 Thread 0x000002d474b0f080 Exception <a 'java/lang/NoSuchMethodError'{0x0000000085fe8b68}: 'java.lang.Object java.lang.invoke.DirectMethodHandle$Holder.newInvokeSpecial(java.lang.Object, java.lang.Object, java.lang.Object, java.lang.Object, int, java.lang.Object)'> (0x0000000085fe8b68) 
thrown [s\src\hotspot\share\interpreter\linkResolver.cpp, line 759]
Event: 24.865 Thread 0x000002d474b0f080 Exception <a 'java/lang/NoSuchMethodError'{0x0000000085fece88}: 'java.lang.Object java.lang.invoke.Invokers$Holder.linkToTargetMethod(java.lang.Object, java.lang.Object, java.lang.Object, int, java.lang.Object, java.lang.Object)'> (0x0000000085fece88) 
thrown [s\src\hotspot\share\interpreter\linkResolver.cpp, line 759]
Event: 24.886 Thread 0x000002d474b0f080 Exception <a 'java/lang/NoSuchMethodError'{0x0000000085e69bc8}: 'void java.lang.invoke.DirectMethodHandle$Holder.invokeInterface(java.lang.Object, java.lang.Object, java.lang.Object, java.lang.Object)'> (0x0000000085e69bc8) 
thrown [s\src\hotspot\share\interpreter\linkResolver.cpp, line 759]
Event: 25.012 Thread 0x000002d474b0f080 Exception <a 'java/lang/NoSuchMethodError'{0x0000000085c5ae40}: 'int java.lang.invoke.DirectMethodHandle$Holder.invokeSpecial(java.lang.Object, java.lang.Object, java.lang.Object, java.lang.Object, java.lang.Object)'> (0x0000000085c5ae40) 
thrown [s\src\hotspot\share\interpreter\linkResolver.cpp, line 759]
Event: 25.203 Thread 0x000002d474b0f080 Exception <a 'sun/nio/fs/WindowsException'{0x000000008564b9d8}> (0x000000008564b9d8) 
thrown [s\src\hotspot\share\prims\jni.cpp, line 516]
Event: 25.204 Thread 0x000002d474b0f080 Exception <a 'sun/nio/fs/WindowsException'{0x000000008564dde0}> (0x000000008564dde0) 
thrown [s\src\hotspot\share\prims\jni.cpp, line 516]
Event: 25.205 Thread 0x000002d474b0f080 Exception <a 'sun/nio/fs/WindowsException'{0x0000000085669b80}> (0x0000000085669b80) 
thrown [s\src\hotspot\share\prims\jni.cpp, line 516]
Event: 25.206 Thread 0x000002d474b0f080 Exception <a 'sun/nio/fs/WindowsException'{0x000000008566b980}> (0x000000008566b980) 
thrown [s\src\hotspot\share\prims\jni.cpp, line 516]
Event: 25.592 Thread 0x000002d4736bcc90 Exception <a 'java/lang/ClassNotFoundException'{0x00000000865a32f8}: build_92mbvurgrwlxizoo6ff6ss6voBeanInfo> (0x00000000865a32f8) 
thrown [s\src\hotspot\share\classfile\systemDictionary.cpp, line 256]
Event: 25.592 Thread 0x000002d4736bcc90 Exception <a 'java/lang/ClassNotFoundException'{0x00000000865a9cd8}: build_92mbvurgrwlxizoo6ff6ss6voCustomizer> (0x00000000865a9cd8) 
thrown [s\src\hotspot\share\classfile\systemDictionary.cpp, line 256]
Event: 25.870 Thread 0x000002d4736bcc90 Exception <a 'java/lang/ClassNotFoundException'{0x0000000087c2f2c8}: build_f4v8859jmio7udf3o911ety28BeanInfo> (0x0000000087c2f2c8) 
thrown [s\src\hotspot\share\classfile\systemDictionary.cpp, line 256]
Event: 25.871 Thread 0x000002d4736bcc90 Exception <a 'java/lang/ClassNotFoundException'{0x0000000087c3a690}: build_f4v8859jmio7udf3o911ety28Customizer> (0x0000000087c3a690) 
thrown [s\src\hotspot\share\classfile\systemDictionary.cpp, line 256]

VM Operations (20 events):
Event: 25.008 Executing VM operation: HandshakeAllThreads
Event: 25.008 Executing VM operation: HandshakeAllThreads done
Event: 25.010 Executing VM operation: HandshakeAllThreads
Event: 25.010 Executing VM operation: HandshakeAllThreads done
Event: 25.011 Executing VM operation: ICBufferFull
Event: 25.011 Executing VM operation: ICBufferFull done
Event: 25.197 Executing VM operation: HandshakeAllThreads
Event: 25.197 Executing VM operation: HandshakeAllThreads done
Event: 25.244 Executing VM operation: ICBufferFull
Event: 25.244 Executing VM operation: ICBufferFull done
Event: 25.306 Executing VM operation: G1CollectForAllocation
Event: 25.319 Executing VM operation: G1CollectForAllocation done
Event: 25.634 Executing VM operation: G1TryInitiateConcMark
Event: 25.642 Executing VM operation: G1TryInitiateConcMark done
Event: 25.807 Executing VM operation: G1PauseRemark
Event: 25.816 Executing VM operation: G1PauseRemark done
Event: 25.889 Executing VM operation: G1PauseCleanup
Event: 25.889 Executing VM operation: G1PauseCleanup done
Event: 26.197 Executing VM operation: G1CollectForAllocation
Event: 26.202 Executing VM operation: G1CollectForAllocation done

Events (20 events):
Event: 24.587 Thread 0x000002d474b0b8d0 Thread added: 0x000002d474b0b8d0
Event: 24.786 loading class java/util/TreeMap$KeySpliterator
Event: 24.786 loading class java/util/TreeMap$KeySpliterator done
Event: 24.824 Thread 0x000002d474b0eb70 Thread added: 0x000002d474b0eb70
Event: 24.835 Thread 0x000002d474b0f080 Thread added: 0x000002d474b0f080
Event: 24.835 Thread 0x000002d474b09050 Thread added: 0x000002d474b09050
Event: 24.836 Thread 0x000002d474b0d730 Thread added: 0x000002d474b0d730
Event: 24.891 Thread 0x000002d474b0c2f0 Thread added: 0x000002d474b0c2f0
Event: 25.110 Thread 0x000002d474b0b3c0 Thread added: 0x000002d474b0b3c0
Event: 25.111 Thread 0x000002d474b0aeb0 Thread added: 0x000002d474b0aeb0
Event: 25.111 Thread 0x000002d474b0d220 Thread added: 0x000002d474b0d220
Event: 25.147 Thread 0x000002d474b0bde0 Thread added: 0x000002d474b0bde0
Event: 25.147 Thread 0x000002d474b08120 Thread added: 0x000002d474b08120
Event: 25.295 loading class java/util/concurrent/ConcurrentLinkedQueue$Itr
Event: 25.295 loading class java/util/concurrent/ConcurrentLinkedQueue$Itr done
Event: 25.305 Thread 0x000002d474b0cd10 Thread added: 0x000002d474b0cd10
Event: 25.306 Thread 0x000002d474b08b40 Thread added: 0x000002d474b08b40
Event: 25.320 Thread 0x000002d474b0c800 Thread added: 0x000002d474b0c800
Event: 26.154 Thread 0x000002d472f89d80 Thread exited: 0x000002d472f89d80
Event: 26.330 Thread 0x000002d472f89d80 Thread added: 0x000002d472f89d80


Dynamic libraries:
0x00007ff71d180000 - 0x00007ff71d18e000 	C:\Program Files\OpenLogic\jdk-17.0.9.9-hotspot\bin\java.exe
0x00007ff87d350000 - 0x00007ff87d548000 	C:\WINDOWS\SYSTEM32\ntdll.dll
0x00007ff87bbc0000 - 0x00007ff87bc7d000 	C:\WINDOWS\System32\KERNEL32.DLL
0x00007ff87acd0000 - 0x00007ff87afc6000 	C:\WINDOWS\System32\KERNELBASE.dll
0x00007ff87b0c0000 - 0x00007ff87b1c0000 	C:\WINDOWS\System32\ucrtbase.dll
0x00007ff874890000 - 0x00007ff8748a7000 	C:\Program Files\OpenLogic\jdk-17.0.9.9-hotspot\bin\jli.dll
0x00007ff874870000 - 0x00007ff87488b000 	C:\Program Files\OpenLogic\jdk-17.0.9.9-hotspot\bin\VCRUNTIME140.dll
0x00007ff87bc80000 - 0x00007ff87be1f000 	C:\WINDOWS\System32\USER32.dll
0x00007ff87b060000 - 0x00007ff87b082000 	C:\WINDOWS\System32\win32u.dll
0x00007ff86b090000 - 0x00007ff86b32a000 	C:\WINDOWS\WinSxS\amd64_microsoft.windows.common-controls_6595b64144ccf1df_6.0.19041.4355_none_60b8b9eb71f62e16\COMCTL32.dll
0x00007ff87bfd0000 - 0x00007ff87bffb000 	C:\WINDOWS\System32\GDI32.dll
0x00007ff87b450000 - 0x00007ff87b4ee000 	C:\WINDOWS\System32\msvcrt.dll
0x00007ff87ab10000 - 0x00007ff87ac27000 	C:\WINDOWS\System32\gdi32full.dll
0x00007ff87ac30000 - 0x00007ff87accd000 	C:\WINDOWS\System32\msvcp_win.dll
0x00007ff87b710000 - 0x00007ff87b73f000 	C:\WINDOWS\System32\IMM32.DLL
0x00007ff874910000 - 0x00007ff87491c000 	C:\Program Files\OpenLogic\jdk-17.0.9.9-hotspot\bin\vcruntime140_1.dll
0x00007ff863ba0000 - 0x00007ff863c2d000 	C:\Program Files\OpenLogic\jdk-17.0.9.9-hotspot\bin\msvcp140.dll
0x00007ff846430000 - 0x00007ff847091000 	C:\Program Files\OpenLogic\jdk-17.0.9.9-hotspot\bin\server\jvm.dll
0x00007ff87b4f0000 - 0x00007ff87b5a0000 	C:\WINDOWS\System32\ADVAPI32.dll
0x00007ff87b390000 - 0x00007ff87b430000 	C:\WINDOWS\System32\sechost.dll
0x00007ff87cfe0000 - 0x00007ff87d103000 	C:\WINDOWS\System32\RPCRT4.dll
0x00007ff87b090000 - 0x00007ff87b0b7000 	C:\WINDOWS\System32\bcrypt.dll
0x00007ff879f70000 - 0x00007ff879fbb000 	C:\WINDOWS\SYSTEM32\POWRPROF.dll
0x00007ff862380000 - 0x00007ff862389000 	C:\WINDOWS\SYSTEM32\WSOCK32.dll
0x00007ff87cf70000 - 0x00007ff87cfdb000 	C:\WINDOWS\System32\WS2_32.dll
0x00007ff86c850000 - 0x00007ff86c877000 	C:\WINDOWS\SYSTEM32\WINMM.dll
0x00007ff870b90000 - 0x00007ff870b9a000 	C:\WINDOWS\SYSTEM32\VERSION.dll
0x00007ff879dd0000 - 0x00007ff879de2000 	C:\WINDOWS\SYSTEM32\UMPDC.dll
0x00007ff878810000 - 0x00007ff878822000 	C:\WINDOWS\SYSTEM32\kernel.appcore.dll
0x00007ff873660000 - 0x00007ff87366a000 	C:\Program Files\OpenLogic\jdk-17.0.9.9-hotspot\bin\jimage.dll
0x00007ff86a7a0000 - 0x00007ff86a984000 	C:\WINDOWS\SYSTEM32\DBGHELP.DLL
0x00007ff86a760000 - 0x00007ff86a794000 	C:\WINDOWS\SYSTEM32\dbgcore.DLL
0x00007ff87afd0000 - 0x00007ff87b052000 	C:\WINDOWS\System32\bcryptPrimitives.dll
0x00007ff874f10000 - 0x00007ff874f1e000 	C:\Program Files\OpenLogic\jdk-17.0.9.9-hotspot\bin\instrument.dll
0x00007ff8748c0000 - 0x00007ff8748e5000 	C:\Program Files\OpenLogic\jdk-17.0.9.9-hotspot\bin\java.dll
0x00007ff8634d0000 - 0x00007ff8635a6000 	C:\Program Files\OpenLogic\jdk-17.0.9.9-hotspot\bin\jsvml.dll
0x00007ff87c700000 - 0x00007ff87ce6c000 	C:\WINDOWS\System32\SHELL32.dll
0x00007ff878a10000 - 0x00007ff8791ad000 	C:\WINDOWS\SYSTEM32\windows.storage.dll
0x00007ff87c1f0000 - 0x00007ff87c543000 	C:\WINDOWS\System32\combase.dll
0x00007ff87a430000 - 0x00007ff87a45e000 	C:\WINDOWS\SYSTEM32\Wldp.dll
0x00007ff87c000000 - 0x00007ff87c0cd000 	C:\WINDOWS\System32\OLEAUT32.dll
0x00007ff87c140000 - 0x00007ff87c1ed000 	C:\WINDOWS\System32\SHCORE.dll
0x00007ff87b650000 - 0x00007ff87b6a5000 	C:\WINDOWS\System32\shlwapi.dll
0x00007ff87a940000 - 0x00007ff87a964000 	C:\WINDOWS\SYSTEM32\profapi.dll
0x00007ff872840000 - 0x00007ff872858000 	C:\Program Files\OpenLogic\jdk-17.0.9.9-hotspot\bin\zip.dll
0x00007ff873600000 - 0x00007ff873619000 	C:\Program Files\OpenLogic\jdk-17.0.9.9-hotspot\bin\net.dll
0x00007ff870c40000 - 0x00007ff870d4a000 	C:\WINDOWS\SYSTEM32\WINHTTP.dll
0x00007ff87a190000 - 0x00007ff87a1fa000 	C:\WINDOWS\system32\mswsock.dll
0x00007ff873550000 - 0x00007ff873566000 	C:\Program Files\OpenLogic\jdk-17.0.9.9-hotspot\bin\nio.dll
0x00007ff8748b0000 - 0x00007ff8748c0000 	C:\Program Files\OpenLogic\jdk-17.0.9.9-hotspot\bin\verify.dll
0x00007ff86d800000 - 0x00007ff86d827000 	C:\Users\Veetrag\.gradle\native\68d5fa5c4cc2d200863cafc0d521ce42e7d3e7ee720ec0a83991735586a16f82\windows-amd64\native-platform.dll
0x00007ff85f930000 - 0x00007ff85fa74000 	C:\Users\Veetrag\.gradle\native\e376f236ea51e6404a007f0833ffe2c6e607c4080706a723a18a27aeea778392\windows-amd64\native-platform-file-events.dll
0x00007ff873070000 - 0x00007ff873079000 	C:\Program Files\OpenLogic\jdk-17.0.9.9-hotspot\bin\management.dll
0x00007ff871790000 - 0x00007ff87179b000 	C:\Program Files\OpenLogic\jdk-17.0.9.9-hotspot\bin\management_ext.dll
0x00007ff87ce70000 - 0x00007ff87ce78000 	C:\WINDOWS\System32\PSAPI.DLL
0x00007ff87a380000 - 0x00007ff87a398000 	C:\WINDOWS\SYSTEM32\CRYPTSP.dll
0x00007ff879a00000 - 0x00007ff879a34000 	C:\WINDOWS\system32\rsaenh.dll
0x00007ff87a8f0000 - 0x00007ff87a91e000 	C:\WINDOWS\SYSTEM32\USERENV.dll
0x00007ff87a3a0000 - 0x00007ff87a3ac000 	C:\WINDOWS\SYSTEM32\CRYPTBASE.dll
0x00007ff879e00000 - 0x00007ff879e3b000 	C:\WINDOWS\SYSTEM32\IPHLPAPI.DLL
0x00007ff87b740000 - 0x00007ff87b748000 	C:\WINDOWS\System32\NSI.dll
0x00007ff86f9a0000 - 0x00007ff86f9b7000 	C:\WINDOWS\SYSTEM32\dhcpcsvc6.DLL
0x00007ff871650000 - 0x00007ff87166d000 	C:\WINDOWS\SYSTEM32\dhcpcsvc.DLL
0x00007ff879e50000 - 0x00007ff879f1a000 	C:\WINDOWS\SYSTEM32\DNSAPI.dll
0x00007ff874f00000 - 0x00007ff874f0e000 	C:\Program Files\OpenLogic\jdk-17.0.9.9-hotspot\bin\sunmscapi.dll
0x00007ff87b1c0000 - 0x00007ff87b31e000 	C:\WINDOWS\System32\CRYPT32.dll
0x00007ff87a4a0000 - 0x00007ff87a4c9000 	C:\WINDOWS\SYSTEM32\ncrypt.dll
0x00007ff87a460000 - 0x00007ff87a49b000 	C:\WINDOWS\SYSTEM32\NTASN1.dll
0x00007ff874920000 - 0x00007ff874927000 	C:\WINDOWS\system32\wshunix.dll
0x00007ff8635e0000 - 0x00007ff8635f7000 	C:\WINDOWS\system32\napinsp.dll
0x00007ff862e80000 - 0x00007ff862e9b000 	C:\WINDOWS\system32\pnrpnsp.dll
0x00007ff875760000 - 0x00007ff875775000 	C:\WINDOWS\system32\wshbth.dll
0x00007ff875bb0000 - 0x00007ff875bcd000 	C:\WINDOWS\system32\NLAapi.dll
0x00007ff862eb0000 - 0x00007ff862ec2000 	C:\WINDOWS\System32\winrnr.dll
0x00007ff870450000 - 0x00007ff87045a000 	C:\Windows\System32\rasadhlp.dll
0x00007ff86bd80000 - 0x00007ff86be00000 	C:\WINDOWS\System32\fwpuclnt.dll

dbghelp: loaded successfully - version: 4.0.5 - missing functions: none
symbol engine: initialized successfully - sym options: 0x614 - pdb path: .;C:\Program Files\OpenLogic\jdk-17.0.9.9-hotspot\bin;C:\WINDOWS\SYSTEM32;C:\WINDOWS\WinSxS\amd64_microsoft.windows.common-controls_6595b64144ccf1df_6.0.19041.4355_none_60b8b9eb71f62e16;C:\Program Files\OpenLogic\jdk-17.0.9.9-hotspot\bin\server;C:\Users\Veetrag\.gradle\native\68d5fa5c4cc2d200863cafc0d521ce42e7d3e7ee720ec0a83991735586a16f82\windows-amd64;C:\Users\Veetrag\.gradle\native\e376f236ea51e6404a007f0833ffe2c6e607c4080706a723a18a27aeea778392\windows-amd64

VM Arguments:
jvm_args: -XX:MaxMetaspaceSize=512m --add-opens=java.base/java.util=ALL-UNNAMED --add-opens=java.base/java.lang=ALL-UNNAMED --add-opens=java.base/java.lang.invoke=ALL-UNNAMED --add-opens=java.prefs/java.util.prefs=ALL-UNNAMED --add-opens=java.base/java.nio.charset=ALL-UNNAMED --add-opens=java.base/java.net=ALL-UNNAMED --add-opens=java.base/java.util.concurrent.atomic=ALL-UNNAMED -Xmx2048m -Dfile.encoding=windows-1252 -Duser.country=US -Duser.language=en -Duser.variant -javaagent:C:\Users\Veetrag\.gradle\wrapper\dists\gradle-8.3-all\6en3ugtfdg5xnpx44z4qbwgas\gradle-8.3\lib\agents\gradle-instrumentation-agent-8.3.jar 
java_command: org.gradle.launcher.daemon.bootstrap.GradleDaemon 8.3
java_class_path (initial): C:\Users\Veetrag\.gradle\wrapper\dists\gradle-8.3-all\6en3ugtfdg5xnpx44z4qbwgas\gradle-8.3\lib\gradle-launcher-8.3.jar
Launcher Type: SUN_STANDARD

[Global flags]
     intx CICompilerCount                          = 3                                         {product} {ergonomic}
   size_t CompressedClassSpaceSize                 = 436207616                                 {product} {ergonomic}
     uint ConcGCThreads                            = 1                                         {product} {ergonomic}
     uint G1ConcRefinementThreads                  = 4                                         {product} {ergonomic}
   size_t G1HeapRegionSize                         = 1048576                                   {product} {ergonomic}
    uintx GCDrainStackTargetSize                   = 64                                        {product} {ergonomic}
   size_t InitialHeapSize                          = 134217728                                 {product} {ergonomic}
   size_t MarkStackSize                            = 4194304                                   {product} {ergonomic}
   size_t MaxHeapSize                              = 2147483648                                {product} {command line}
   size_t MaxMetaspaceSize                         = 536870912                                 {product} {command line}
   size_t MaxNewSize                               = 1287651328                                {product} {ergonomic}
   size_t MinHeapDeltaBytes                        = 1048576                                   {product} {ergonomic}
   size_t MinHeapSize                              = 8388608                                   {product} {ergonomic}
    uintx NonNMethodCodeHeapSize                   = 5832780                                {pd product} {ergonomic}
    uintx NonProfiledCodeHeapSize                  = 122912730                              {pd product} {ergonomic}
    uintx ProfiledCodeHeapSize                     = 122912730                              {pd product} {ergonomic}
    uintx ReservedCodeCacheSize                    = 251658240                              {pd product} {ergonomic}
     bool SegmentedCodeCache                       = true                                      {product} {ergonomic}
   size_t SoftMaxHeapSize                          = 2147483648                             {manageable} {ergonomic}
     bool UseCompressedClassPointers               = true                           {product lp64_product} {ergonomic}
     bool UseCompressedOops                        = true                           {product lp64_product} {ergonomic}
     bool UseG1GC                                  = true                                      {product} {ergonomic}
     bool UseLargePagesIndividualAllocation        = false                                  {pd product} {ergonomic}

Logging:
Log output configuration:
 #0: stdout all=warning uptime,level,tags
 #1: stderr all=off uptime,level,tags

Environment Variables:
JAVA_HOME=C:\Program Files\OpenLogic\jdk-17.0.9.9-hotspot\
CLASSPATH=E:\NewProject\deliveryApp\android\\gradle\wrapper\gradle-wrapper.jar
PATH=E:\NewProject\deliveryApp\node_modules\.bin;E:\NewProject\deliveryApp\node_modules\.bin;E:\NewProject\node_modules\.bin;E:\node_modules\.bin;C:\Users\Veetrag\AppData\Roaming\nvm\v20.11.1\node_modules\npm\node_modules\@npmcli\run-script\lib\node-gyp-bin;C:\Users\Veetrag\bin;C:\Program Files\Git\mingw64\bin;C:\Program Files\Git\usr\local\bin;C:\Program Files\Git\usr\bin;C:\Program Files\Git\usr\bin;C:\Program Files\Git\mingw64\bin;C:\Program Files\Git\usr\bin;C:\Users\Veetrag\bin;C:\Program Files\OpenLogic\jdk-17.0.9.9-hotspot\bin;C:\Python311\Scripts;C:\Python311;C:\WINDOWS\system32;C:\WINDOWS;C:\WINDOWS\System32\Wbem;C:\WINDOWS\System32\WindowsPowerShell\v1.0;C:\WINDOWS\System32\OpenSSH;C:\ProgramData\chocolatey\bin;C:\Program Files\Git\cmd;C:\Program Files\Docker\Docker\resources\bin;C:\Program Files\MongoDB\Server\6.0\bin;C:\mongosh\mongosh-1.9.0-win32-x64\bin;C:\Users\Veetrag\AppData\Roaming\nvm;C:\Program Files\nodejs;C:\Users\Veetrag\AppData\Local\Android\Sdk\platform-tools;C:\Users\Veetrag\AppData\Local\Android\Sdk;C:\Users\Veetrag\AppData\Local\Microsoft\WindowsApps;C:\Users\Veetrag\AppData\Local\Programs\Microsoft VS Code\bin;C:\Users\Veetrag\AppData\Roaming\npm;C:\Users\Veetrag\AppData\Roaming\nvm;C:\Program Files\nodejs;C:\Users\Veetrag\AppData\Local\Android\Sdk;C:\Users\Veetrag\AppData\Local\Android\Sdk\platform-tools;C:\Program Files\Git\usr\bin\vendor_perl;C:\Program Files\Git\usr\bin\core_perl
USERNAME=Veetrag
SHELL=C:\Program Files\Git\usr\bin\bash.exe
DISPLAY=needs-to-be-defined
LC_CTYPE=en_US.UTF-8
TERM=xterm
TMPDIR=C:\Users\Veetrag\AppData\Local\Temp
OS=Windows_NT
PROCESSOR_IDENTIFIER=Intel64 Family 6 Model 61 Stepping 4, GenuineIntel
TMP=C:\Users\Veetrag\AppData\Local\Temp
TEMP=C:\Users\Veetrag\AppData\Local\Temp



Periodic native trim disabled


---------------  S Y S T E M  ---------------

OS:
 Windows 10 , 64 bit Build 19041 (10.0.19041.3636)
OS uptime: 11 days 21:24 hours
Hyper-V role detected

CPU: total 4 (initial active 4) (2 cores per cpu, 2 threads per core) family 6 model 61 stepping 4 microcode 0x2d, cx8, cmov, fxsr, ht, mmx, 3dnowpref, sse, sse2, sse3, ssse3, sse4.1, sse4.2, popcnt, lzcnt, tsc, tscinvbit, avx, avx2, aes, erms, clmul, bmi1, bmi2, adx, fma, vzeroupper, clflush, hv
Processor Information for all 4 processors :
  Max Mhz: 2201, Current Mhz: 2201, Mhz Limit: 2201

Memory: 4k page, system-wide physical 8102M (1049M free)
TotalPageFile size 10150M (AvailPageFile size 5M)
current process WorkingSet (physical memory assigned to process): 339M, peak: 339M
current process commit charge ("private bytes"): 371M, peak: 372M

vm_info: OpenJDK 64-Bit Server VM (17.0.9+9-adhoc..jdk17u) for windows-amd64 JRE (17.0.9+9-adhoc..jdk17u), built on Oct 18 2023 11:34:43 by "" with MS VC++ 16.10 / 16.11 (VS2019)

END.
